1620652477353	geckodriver	INFO	Listening on 127.0.0.1:7613
1620652480405	mozrunner::runner	INFO	Running command: "C:\\Program Files\\Mozilla Firefox\\firefox.exe" "--marionette" "-foreground" "-no-remote" "-profile" "C:\\Users\\lenovo\\AppData\\Local\\Temp\\rust_mozprofileo3NzoQ"
1620652480806	Marionette	INFO	Marionette enabled
console.warn: SearchSettings: "get: No settings file exists, new profile?" (new Error("", "(unknown module)"))
1620652482657	Marionette	INFO	Listening on port 7623
1620652483073	Marionette	WARN	TLS certificate errors will be ignored for this session
JavaScript warning: http://api.map.baidu.com/getscript?v=1.1&ak=&services=true&t=20130716024058, line 1: unreachable code after return statement
JavaScript error: http://www.sxgm.org/home/picnews/index/c_id/109/lanmu/59.html, line 260: ReferenceError: Swiper is not defined
JavaScript error: http://www.sxgm.org/home/picnews/index/c_id/109/lanmu/59.html, line 281: ReferenceError: dem5 is not defined
JavaScript warning: http://api.map.baidu.com/getscript?v=1.1&ak=&services=true&t=20130716024058, line 1: unreachable code after return statement
JavaScript error: http://www.sxgm.1620652540187	Marionette	INFO	Stopped listening on port 7665

###!!! [Child][RunMessage] Error: Channel closing: too late to send/recv, messages will be lost

anmu/59.html, line 281: ReferenceError: dem5 is not defined
JavaScript warning: http://api.map.baidu.com/getscript?v=1.1&ak=&services=true&t=20130716024058, line 1: unreachable code after return statement
JavaScript error: http://www.sxgm.org/home/picnews/index/c_id/95/lanmu/59.html, line 260: ReferenceError: Swiper is not defined
JavaScript error: http://www.sxgm.org/home/picnews/index/c_id/95/lanmu/59.html, line 281: ReferenceError: dem5 is not defined
JavaScript warning: http://api.map.baidu.com/getscript?v=1.1&ak=&services=true&t=20130716024058, line 1: unreachable code after return statement
JavaScript error: http://www.sxgm.org/home/picnews/index/c_id/95/lanmu/59.html, line 260: ReferenceError: Swiper is not defined
JavaScript error: http://www.sxgm.org/home/picnews/index/c_id/95/lanmu/59.html, line 281: ReferenceError: dem5 is not defined
JavaScript warning: http://api.map.baidu.com/getscript?v=1.1&ak=&services=true&t=20130716024058, line 1: unreachable code after return statement
JavaScript error: http://www.sxgm.org/home/picnews/index/c_id/94/lanmu/59.html, line 260: ReferenceError: Swiper is not defined
JavaScript error: http://www.sxgm.org/home/picnews/index/c_id/94/lanmu/59.html, line 281: ReferenceError: dem5 is not defined
JavaScript warning: http://api.map.baidu.com/getscript?v=1.1&ak=&services=true&t=20130716024058, line 1: unreachable code after return statement
JavaScript error: http://www.sxgm.org/home/picnews/index/c_id/94/lanmu/59.html, line 260: ReferenceError: Swiper is not defined
JavaScript error: http://www.sxgm.org/home/picnews/index/c_id/94/lanmu/59.html, line 281: ReferenceError: dem5 is not defined
1620652539500	Marionette	INFO	Stopped listening on port 7623

###!!! [Child][RunMessage] Error: Channel closing: too late to send/recv, messages will be lost

